<?xml version="1.0" encoding="UTF-8"?>
<testng-results ignored="0" total="1" passed="1" failed="0" skipped="0">
  <reporter-output>
  </reporter-output>
  <suite started-at="2018-07-11T02:57:11Z" name="Default suite" finished-at="2018-07-11T02:57:17Z" duration-ms="6521">
    <groups>
    </groups>
    <test started-at="2018-07-11T02:57:11Z" name="Default test" finished-at="2018-07-11T02:57:17Z" duration-ms="6521">
      <class name="Tests.LoginTest">
        <test-method is-config="true" signature="setUp()[pri:0, instance:Tests.LoginTest@117e949d]" started-at="2018-07-11T02:57:11Z" name="setUp" finished-at="2018-07-11T02:57:13Z" duration-ms="2148" status="PASS">
          <reporter-output>
          </reporter-output>
        </test-method> <!-- setUp -->
        <test-method signature="loginPositive()[pri:0, instance:Tests.LoginTest@117e949d]" started-at="2018-07-11T02:57:13Z" name="loginPositive" finished-at="2018-07-11T02:57:17Z" duration-ms="4261" status="PASS">
          <reporter-output>
          </reporter-output>
        </test-method> <!-- loginPositive -->
        <test-method is-config="true" signature="tearDown()[pri:0, instance:Tests.LoginTest@117e949d]" started-at="2018-07-11T02:57:17Z" name="tearDown" finished-at="2018-07-11T02:57:17Z" duration-ms="92" status="PASS">
          <reporter-output>
          </reporter-output>
        </test-method> <!-- tearDown -->
      </class> <!-- Tests.LoginTest -->
    </test> <!-- Default test -->
  </suite> <!-- Default suite -->
</testng-results>
