<?xml version="1.0" encoding="UTF-8"?>
<!-- Generated by org.testng.reporters.JUnitXMLReporter -->
<testsuite ignored="0" hostname="Ertekins-MBP.home" failures="0" tests="13" name="Default test" time="24.094" errors="0" timestamp="26 Jun 2018 04:43:44 GMT">
  <testcase classname="com.ertekin.MockarooDataValidation_Aslan" name="step8" time="0.042"/>
  <testcase classname="com.ertekin.MockarooDataValidation_Aslan" name="step3" time="0.012"/>
  <testcase classname="com.ertekin.MockarooDataValidation_Aslan" name="step4" time="0.188"/>
  <testcase classname="com.ertekin.MockarooDataValidation_Aslan" name="step5_6" time="0.429"/>
  <testcase classname="com.ertekin.MockarooDataValidation_Aslan" name="step7" time="0.031"/>
  <testcase classname="com.ertekin.MockarooDataValidation_Aslan" name="step9" time="0.063"/>
  <testcase classname="com.ertekin.MockarooDataValidation_Aslan" name="step10" time="0.087"/>
  <testcase classname="com.ertekin.MockarooDataValidation_Aslan" name="step11" time="0.047"/>
  <testcase classname="com.ertekin.MockarooDataValidation_Aslan" name="step12_13" time="0.312"/>
  <testcase classname="com.ertekin.MockarooDataValidation_Aslan" name="step14_15_16" time="8.578"/>
  <testcase classname="com.ertekin.MockarooDataValidation_Aslan" name="step17_18" time="5.032"/>
  <testcase classname="com.ertekin.MockarooDataValidation_Aslan" name="step22" time="0.162"/>
  <testcase classname="com.ertekin.MockarooDataValidation_Aslan" name="step26_27" time="0.003"/>
</testsuite> <!-- Default test -->
