<?xml version="1.0" encoding="UTF-8"?>
<testng-results ignored="0" total="13" passed="13" failed="0" skipped="0">
  <reporter-output>
  </reporter-output>
  <suite started-at="2018-06-26T04:43:20Z" name="Default suite" finished-at="2018-06-26T04:43:44Z" duration-ms="24094">
    <groups>
    </groups>
    <test started-at="2018-06-26T04:43:20Z" name="Default test" finished-at="2018-06-26T04:43:44Z" duration-ms="24094">
      <class name="com.ertekin.MockarooDataValidation_Aslan">
        <test-method is-config="true" signature="setup()[pri:0, instance:com.ertekin.MockarooDataValidation_Aslan@394a2528]" started-at="2018-06-26T04:43:20Z" name="setup" finished-at="2018-06-26T04:43:24Z" duration-ms="3916" status="PASS">
          <reporter-output>
          </reporter-output>
        </test-method> <!-- setup -->
        <test-method is-config="true" signature="beforeMethod()[pri:0, instance:com.ertekin.MockarooDataValidation_Aslan@394a2528]" started-at="2018-06-26T04:43:24Z" name="beforeMethod" finished-at="2018-06-26T04:43:24Z" duration-ms="0" status="PASS">
          <reporter-output>
          </reporter-output>
        </test-method> <!-- beforeMethod -->
        <test-method signature="step8()[pri:0, instance:com.ertekin.MockarooDataValidation_Aslan@394a2528]" started-at="2018-06-26T04:43:24Z" name="step8" finished-at="2018-06-26T04:43:24Z" duration-ms="42" status="PASS">
          <reporter-output>
          </reporter-output>
        </test-method> <!-- step8 -->
        <test-method is-config="true" signature="afterMethod()[pri:0, instance:com.ertekin.MockarooDataValidation_Aslan@394a2528]" started-at="2018-06-26T04:43:24Z" name="afterMethod" finished-at="2018-06-26T04:43:24Z" duration-ms="1" status="PASS">
          <reporter-output>
          </reporter-output>
        </test-method> <!-- afterMethod -->
        <test-method signature="step3()[pri:1, instance:com.ertekin.MockarooDataValidation_Aslan@394a2528]" started-at="2018-06-26T04:43:24Z" name="step3" finished-at="2018-06-26T04:43:24Z" duration-ms="12" status="PASS">
          <reporter-output>
          </reporter-output>
        </test-method> <!-- step3 -->
        <test-method is-config="true" signature="beforeMethod()[pri:0, instance:com.ertekin.MockarooDataValidation_Aslan@394a2528]" started-at="2018-06-26T04:43:24Z" name="beforeMethod" finished-at="2018-06-26T04:43:24Z" duration-ms="0" status="PASS">
          <reporter-output>
          </reporter-output>
        </test-method> <!-- beforeMethod -->
        <test-method is-config="true" signature="afterMethod()[pri:0, instance:com.ertekin.MockarooDataValidation_Aslan@394a2528]" started-at="2018-06-26T04:43:24Z" name="afterMethod" finished-at="2018-06-26T04:43:24Z" duration-ms="0" status="PASS">
          <reporter-output>
          </reporter-output>
        </test-method> <!-- afterMethod -->
        <test-method is-config="true" signature="beforeMethod()[pri:0, instance:com.ertekin.MockarooDataValidation_Aslan@394a2528]" started-at="2018-06-26T04:43:24Z" name="beforeMethod" finished-at="2018-06-26T04:43:24Z" duration-ms="0" status="PASS">
          <reporter-output>
          </reporter-output>
        </test-method> <!-- beforeMethod -->
        <test-method signature="step4()[pri:2, instance:com.ertekin.MockarooDataValidation_Aslan@394a2528]" started-at="2018-06-26T04:43:24Z" name="step4" finished-at="2018-06-26T04:43:24Z" duration-ms="188" status="PASS">
          <reporter-output>
          </reporter-output>
        </test-method> <!-- step4 -->
        <test-method is-config="true" signature="afterMethod()[pri:0, instance:com.ertekin.MockarooDataValidation_Aslan@394a2528]" started-at="2018-06-26T04:43:24Z" name="afterMethod" finished-at="2018-06-26T04:43:24Z" duration-ms="1" status="PASS">
          <reporter-output>
          </reporter-output>
        </test-method> <!-- afterMethod -->
        <test-method is-config="true" signature="beforeMethod()[pri:0, instance:com.ertekin.MockarooDataValidation_Aslan@394a2528]" started-at="2018-06-26T04:43:24Z" name="beforeMethod" finished-at="2018-06-26T04:43:24Z" duration-ms="1" status="PASS">
          <reporter-output>
          </reporter-output>
        </test-method> <!-- beforeMethod -->
        <test-method signature="step5_6()[pri:3, instance:com.ertekin.MockarooDataValidation_Aslan@394a2528]" started-at="2018-06-26T04:43:24Z" name="step5_6" finished-at="2018-06-26T04:43:25Z" duration-ms="429" status="PASS">
          <reporter-output>
          </reporter-output>
        </test-method> <!-- step5_6 -->
        <test-method is-config="true" signature="afterMethod()[pri:0, instance:com.ertekin.MockarooDataValidation_Aslan@394a2528]" started-at="2018-06-26T04:43:25Z" name="afterMethod" finished-at="2018-06-26T04:43:25Z" duration-ms="0" status="PASS">
          <reporter-output>
          </reporter-output>
        </test-method> <!-- afterMethod -->
        <test-method signature="step7()[pri:4, instance:com.ertekin.MockarooDataValidation_Aslan@394a2528]" started-at="2018-06-26T04:43:25Z" name="step7" finished-at="2018-06-26T04:43:25Z" duration-ms="31" status="PASS">
          <reporter-output>
          </reporter-output>
        </test-method> <!-- step7 -->
        <test-method is-config="true" signature="beforeMethod()[pri:0, instance:com.ertekin.MockarooDataValidation_Aslan@394a2528]" started-at="2018-06-26T04:43:25Z" name="beforeMethod" finished-at="2018-06-26T04:43:25Z" duration-ms="0" status="PASS">
          <reporter-output>
          </reporter-output>
        </test-method> <!-- beforeMethod -->
        <test-method is-config="true" signature="beforeMethod()[pri:0, instance:com.ertekin.MockarooDataValidation_Aslan@394a2528]" started-at="2018-06-26T04:43:25Z" name="beforeMethod" finished-at="2018-06-26T04:43:25Z" duration-ms="1" status="PASS">
          <reporter-output>
          </reporter-output>
        </test-method> <!-- beforeMethod -->
        <test-method is-config="true" signature="afterMethod()[pri:0, instance:com.ertekin.MockarooDataValidation_Aslan@394a2528]" started-at="2018-06-26T04:43:25Z" name="afterMethod" finished-at="2018-06-26T04:43:25Z" duration-ms="0" status="PASS">
          <reporter-output>
          </reporter-output>
        </test-method> <!-- afterMethod -->
        <test-method signature="step9()[pri:5, instance:com.ertekin.MockarooDataValidation_Aslan@394a2528]" started-at="2018-06-26T04:43:25Z" name="step9" finished-at="2018-06-26T04:43:25Z" duration-ms="63" status="PASS">
          <reporter-output>
          </reporter-output>
        </test-method> <!-- step9 -->
        <test-method is-config="true" signature="afterMethod()[pri:0, instance:com.ertekin.MockarooDataValidation_Aslan@394a2528]" started-at="2018-06-26T04:43:25Z" name="afterMethod" finished-at="2018-06-26T04:43:25Z" duration-ms="0" status="PASS">
          <reporter-output>
          </reporter-output>
        </test-method> <!-- afterMethod -->
        <test-method signature="step10()[pri:6, instance:com.ertekin.MockarooDataValidation_Aslan@394a2528]" started-at="2018-06-26T04:43:25Z" name="step10" finished-at="2018-06-26T04:43:25Z" duration-ms="87" status="PASS">
          <reporter-output>
          </reporter-output>
        </test-method> <!-- step10 -->
        <test-method is-config="true" signature="beforeMethod()[pri:0, instance:com.ertekin.MockarooDataValidation_Aslan@394a2528]" started-at="2018-06-26T04:43:25Z" name="beforeMethod" finished-at="2018-06-26T04:43:25Z" duration-ms="0" status="PASS">
          <reporter-output>
          </reporter-output>
        </test-method> <!-- beforeMethod -->
        <test-method is-config="true" signature="beforeMethod()[pri:0, instance:com.ertekin.MockarooDataValidation_Aslan@394a2528]" started-at="2018-06-26T04:43:25Z" name="beforeMethod" finished-at="2018-06-26T04:43:25Z" duration-ms="0" status="PASS">
          <reporter-output>
          </reporter-output>
        </test-method> <!-- beforeMethod -->
        <test-method signature="step11()[pri:7, instance:com.ertekin.MockarooDataValidation_Aslan@394a2528]" started-at="2018-06-26T04:43:25Z" name="step11" finished-at="2018-06-26T04:43:25Z" duration-ms="47" status="PASS">
          <reporter-output>
          </reporter-output>
        </test-method> <!-- step11 -->
        <test-method is-config="true" signature="afterMethod()[pri:0, instance:com.ertekin.MockarooDataValidation_Aslan@394a2528]" started-at="2018-06-26T04:43:25Z" name="afterMethod" finished-at="2018-06-26T04:43:25Z" duration-ms="0" status="PASS">
          <reporter-output>
          </reporter-output>
        </test-method> <!-- afterMethod -->
        <test-method is-config="true" signature="afterMethod()[pri:0, instance:com.ertekin.MockarooDataValidation_Aslan@394a2528]" started-at="2018-06-26T04:43:25Z" name="afterMethod" finished-at="2018-06-26T04:43:25Z" duration-ms="0" status="PASS">
          <reporter-output>
          </reporter-output>
        </test-method> <!-- afterMethod -->
        <test-method signature="step12_13()[pri:8, instance:com.ertekin.MockarooDataValidation_Aslan@394a2528]" started-at="2018-06-26T04:43:25Z" name="step12_13" finished-at="2018-06-26T04:43:25Z" duration-ms="312" status="PASS">
          <reporter-output>
          </reporter-output>
        </test-method> <!-- step12_13 -->
        <test-method is-config="true" signature="beforeMethod()[pri:0, instance:com.ertekin.MockarooDataValidation_Aslan@394a2528]" started-at="2018-06-26T04:43:25Z" name="beforeMethod" finished-at="2018-06-26T04:43:25Z" duration-ms="0" status="PASS">
          <reporter-output>
          </reporter-output>
        </test-method> <!-- beforeMethod -->
        <test-method is-config="true" signature="afterMethod()[pri:0, instance:com.ertekin.MockarooDataValidation_Aslan@394a2528]" started-at="2018-06-26T04:43:25Z" name="afterMethod" finished-at="2018-06-26T04:43:25Z" duration-ms="1" status="PASS">
          <reporter-output>
          </reporter-output>
        </test-method> <!-- afterMethod -->
        <test-method is-config="true" signature="beforeMethod()[pri:0, instance:com.ertekin.MockarooDataValidation_Aslan@394a2528]" started-at="2018-06-26T04:43:25Z" name="beforeMethod" finished-at="2018-06-26T04:43:25Z" duration-ms="0" status="PASS">
          <reporter-output>
          </reporter-output>
        </test-method> <!-- beforeMethod -->
        <test-method signature="step14_15_16()[pri:9, instance:com.ertekin.MockarooDataValidation_Aslan@394a2528]" started-at="2018-06-26T04:43:25Z" name="step14_15_16" finished-at="2018-06-26T04:43:34Z" duration-ms="8578" status="PASS">
          <reporter-output>
          </reporter-output>
        </test-method> <!-- step14_15_16 -->
        <test-method is-config="true" signature="afterMethod()[pri:0, instance:com.ertekin.MockarooDataValidation_Aslan@394a2528]" started-at="2018-06-26T04:43:34Z" name="afterMethod" finished-at="2018-06-26T04:43:34Z" duration-ms="1" status="PASS">
          <reporter-output>
          </reporter-output>
        </test-method> <!-- afterMethod -->
        <test-method signature="step17_18()[pri:10, instance:com.ertekin.MockarooDataValidation_Aslan@394a2528]" started-at="2018-06-26T04:43:34Z" name="step17_18" finished-at="2018-06-26T04:43:39Z" duration-ms="5032" status="PASS">
          <reporter-output>
          </reporter-output>
        </test-method> <!-- step17_18 -->
        <test-method is-config="true" signature="beforeMethod()[pri:0, instance:com.ertekin.MockarooDataValidation_Aslan@394a2528]" started-at="2018-06-26T04:43:34Z" name="beforeMethod" finished-at="2018-06-26T04:43:34Z" duration-ms="0" status="PASS">
          <reporter-output>
          </reporter-output>
        </test-method> <!-- beforeMethod -->
        <test-method is-config="true" signature="afterMethod()[pri:0, instance:com.ertekin.MockarooDataValidation_Aslan@394a2528]" started-at="2018-06-26T04:43:39Z" name="afterMethod" finished-at="2018-06-26T04:43:39Z" duration-ms="0" status="PASS">
          <reporter-output>
          </reporter-output>
        </test-method> <!-- afterMethod -->
        <test-method is-config="true" signature="beforeMethod()[pri:0, instance:com.ertekin.MockarooDataValidation_Aslan@394a2528]" started-at="2018-06-26T04:43:39Z" name="beforeMethod" finished-at="2018-06-26T04:43:39Z" duration-ms="0" status="PASS">
          <reporter-output>
          </reporter-output>
        </test-method> <!-- beforeMethod -->
        <test-method signature="step22()[pri:11, instance:com.ertekin.MockarooDataValidation_Aslan@394a2528]" started-at="2018-06-26T04:43:39Z" name="step22" finished-at="2018-06-26T04:43:39Z" duration-ms="162" status="PASS">
          <reporter-output>
          </reporter-output>
        </test-method> <!-- step22 -->
        <test-method is-config="true" signature="afterMethod()[pri:0, instance:com.ertekin.MockarooDataValidation_Aslan@394a2528]" started-at="2018-06-26T04:43:39Z" name="afterMethod" finished-at="2018-06-26T04:43:39Z" duration-ms="0" status="PASS">
          <reporter-output>
          </reporter-output>
        </test-method> <!-- afterMethod -->
        <test-method signature="step26_27()[pri:12, instance:com.ertekin.MockarooDataValidation_Aslan@394a2528]" started-at="2018-06-26T04:43:39Z" name="step26_27" finished-at="2018-06-26T04:43:39Z" duration-ms="3" status="PASS">
          <reporter-output>
          </reporter-output>
        </test-method> <!-- step26_27 -->
        <test-method is-config="true" signature="beforeMethod()[pri:0, instance:com.ertekin.MockarooDataValidation_Aslan@394a2528]" started-at="2018-06-26T04:43:39Z" name="beforeMethod" finished-at="2018-06-26T04:43:39Z" duration-ms="0" status="PASS">
          <reporter-output>
          </reporter-output>
        </test-method> <!-- beforeMethod -->
        <test-method is-config="true" signature="afterMethod()[pri:0, instance:com.ertekin.MockarooDataValidation_Aslan@394a2528]" started-at="2018-06-26T04:43:39Z" name="afterMethod" finished-at="2018-06-26T04:43:39Z" duration-ms="2" status="PASS">
          <reporter-output>
          </reporter-output>
        </test-method> <!-- afterMethod -->
        <test-method is-config="true" signature="tearDown()[pri:0, instance:com.ertekin.MockarooDataValidation_Aslan@394a2528]" started-at="2018-06-26T04:43:39Z" name="tearDown" finished-at="2018-06-26T04:43:44Z" duration-ms="5098" status="PASS">
          <reporter-output>
          </reporter-output>
        </test-method> <!-- tearDown -->
      </class> <!-- com.ertekin.MockarooDataValidation_Aslan -->
    </test> <!-- Default test -->
  </suite> <!-- Default suite -->
</testng-results>
